[dcpnode]2021/10/12 16:07:50 dcpnode starting,port: 4321
[dcpnode]2021/10/12 16:20:56 dcpnode starting,port: 4321
[dcpnode]2021/10/12 16:21:32 run cmd:tongsumex.bat p1:2021-11-11T10:00:00 p2: p3: p4: taskid:1234567
[dcpnode]2021/10/12 16:21:32 http: panic serving [::1]:52388: runtime error: invalid memory address or nil pointer dereference
goroutine 21 [running]:
net/http.(*conn).serve.func1()
	c:/go/src/net/http/server.go:1801 +0xb9
panic({0x49fea0, 0x6db940})
	c:/go/src/runtime/panic.go:1047 +0x266
main.getcmd(0xc0000ee300, {0xc000014255, 0xd}, {0xc000014273, 0x13}, {0x0, 0x11f36450108}, {0x0, 0xc000080000}, {0x0, ...}, ...)
	D:/2021/dcpnode/dcpnode_win.go:338 +0x88f
main.index({0x544af8, 0xc0000541c0}, 0xc00004c300, 0xd8)
	D:/2021/dcpnode/dcpnode_win.go:416 +0xa25
main.(*MyMux).ServeHTTP(0xc0000ee300, {0x544af8, 0xc0000541c0}, 0xc00004c300)
	D:/2021/dcpnode/dcpnode_win.go:183 +0xb93
net/http.serverHandler.ServeHTTP({0xc00010eb70}, {0x544af8, 0xc0000541c0}, 0xc00004c300)
	c:/go/src/net/http/server.go:2878 +0x43b
net/http.(*conn).serve(0xc00008aaa0, {0x545c60, 0xc00010ea20})
	c:/go/src/net/http/server.go:1929 +0xb08
created by net/http.(*Server).Serve
	c:/go/src/net/http/server.go:3033 +0x4e8
[dcpnode]2021/10/12 16:21:34 run cmd:tongsumex.bat p1:2021-11-11T10:00:00 p2: p3: p4: taskid:1234567
[dcpnode]2021/10/12 16:21:34 http: panic serving [::1]:52390: runtime error: invalid memory address or nil pointer dereference
goroutine 36 [running]:
net/http.(*conn).serve.func1()
	c:/go/src/net/http/server.go:1801 +0xb9
panic({0x49fea0, 0x6db940})
	c:/go/src/runtime/panic.go:1047 +0x266
main.getcmd(0xc0000ee300, {0xc0001a8135, 0xd}, {0xc0001a8153, 0x13}, {0x0, 0x11f36450a28}, {0x0, 0xc000080000}, {0x0, ...}, ...)
	D:/2021/dcpnode/dcpnode_win.go:338 +0x88f
main.index({0x544af8, 0xc0001b41c0}, 0xc0001a6200, 0xd8)
	D:/2021/dcpnode/dcpnode_win.go:416 +0xa25
main.(*MyMux).ServeHTTP(0xc0000ee300, {0x544af8, 0xc0001b41c0}, 0xc0001a6200)
	D:/2021/dcpnode/dcpnode_win.go:183 +0xb93
net/http.serverHandler.ServeHTTP({0xc000192360}, {0x544af8, 0xc0001b41c0}, 0xc0001a6200)
	c:/go/src/net/http/server.go:2878 +0x43b
net/http.(*conn).serve(0xc0001bc000, {0x545c60, 0xc00010ea20})
	c:/go/src/net/http/server.go:1929 +0xb08
created by net/http.(*Server).Serve
	c:/go/src/net/http/server.go:3033 +0x4e8
[dcpnode]2021/10/12 16:21:41 run cmd:tongsumex.bat p1:2021-11-11T10:00:00 p2: p3: p4: taskid:1234567
[dcpnode]2021/10/12 16:21:41 http: panic serving [::1]:52393: runtime error: invalid memory address or nil pointer dereference
goroutine 38 [running]:
net/http.(*conn).serve.func1()
	c:/go/src/net/http/server.go:1801 +0xb9
panic({0x49fea0, 0x6db940})
	c:/go/src/runtime/panic.go:1047 +0x266
main.getcmd(0xc0000ee300, {0xc0001a81f5, 0xd}, {0xc0001a8213, 0x13}, {0x0, 0x11f36450a28}, {0x0, 0xc00003ac00}, {0x0, ...}, ...)
	D:/2021/dcpnode/dcpnode_win.go:338 +0x88f
main.index({0x544af8, 0xc0001b42a0}, 0xc00014a300, 0x25d267)
	D:/2021/dcpnode/dcpnode_win.go:416 +0xa25
main.(*MyMux).ServeHTTP(0xc0000ee300, {0x544af8, 0xc0001b42a0}, 0xc00014a300)
	D:/2021/dcpnode/dcpnode_win.go:183 +0xb93
net/http.serverHandler.ServeHTTP({0xc00010ecf0}, {0x544af8, 0xc0001b42a0}, 0xc00014a300)
	c:/go/src/net/http/server.go:2878 +0x43b
net/http.(*conn).serve(0xc0001bc0a0, {0x545c60, 0xc00010ea20})
	c:/go/src/net/http/server.go:1929 +0xb08
created by net/http.(*Server).Serve
	c:/go/src/net/http/server.go:3033 +0x4e8
[dcpnode]2021/10/12 16:23:26 run cmd:tongsumex.bat p1:2021-11-11T10:00:00 p2: p3: p4: taskid:1234567
[dcpnode]2021/10/12 16:23:26 http: panic serving [::1]:52446: runtime error: invalid memory address or nil pointer dereference
goroutine 23 [running]:
net/http.(*conn).serve.func1()
	c:/go/src/net/http/server.go:1801 +0xb9
panic({0x49fea0, 0x6db940})
	c:/go/src/runtime/panic.go:1047 +0x266
main.getcmd(0xc0000ee300, {0xc0001a82b5, 0xd}, {0xc0001a82d3, 0x13}, {0x0, 0x11f36450a28}, {0x0, 0xc00003ac00}, {0x0, ...}, ...)
	D:/2021/dcpnode/dcpnode_win.go:338 +0x88f
main.index({0x544af8, 0xc0001b4380}, 0xc0001a6700, 0x25d267)
	D:/2021/dcpnode/dcpnode_win.go:416 +0xa25
main.(*MyMux).ServeHTTP(0xc0000ee300, {0x544af8, 0xc0001b4380}, 0xc0001a6700)
	D:/2021/dcpnode/dcpnode_win.go:183 +0xb93
net/http.serverHandler.ServeHTTP({0xc000192b70}, {0x544af8, 0xc0001b4380}, 0xc0001a6700)
	c:/go/src/net/http/server.go:2878 +0x43b
net/http.(*conn).serve(0xc00008abe0, {0x545c60, 0xc00010ea20})
	c:/go/src/net/http/server.go:1929 +0xb08
created by net/http.(*Server).Serve
	c:/go/src/net/http/server.go:3033 +0x4e8
[dcpnode]2021/10/12 16:23:28 run cmd:tongsumex.bat p1:2021-11-11T10:00:00 p2: p3: p4: taskid:1234567
[dcpnode]2021/10/12 16:23:28 http: panic serving [::1]:52450: runtime error: invalid memory address or nil pointer dereference
goroutine 25 [running]:
net/http.(*conn).serve.func1()
	c:/go/src/net/http/server.go:1801 +0xb9
panic({0x49fea0, 0x6db940})
	c:/go/src/runtime/panic.go:1047 +0x266
main.getcmd(0xc0000ee300, {0xc0001a8375, 0xd}, {0xc0001a8393, 0x13}, {0x0, 0x11f36450a28}, {0x0, 0xc00003ac00}, {0x0, ...}, ...)
	D:/2021/dcpnode/dcpnode_win.go:338 +0x88f
main.index({0x544af8, 0xc0001b4460}, 0xc00014a400, 0x25d267)
	D:/2021/dcpnode/dcpnode_win.go:416 +0xa25
main.(*MyMux).ServeHTTP(0xc0000ee300, {0x544af8, 0xc0001b4460}, 0xc00014a400)
	D:/2021/dcpnode/dcpnode_win.go:183 +0xb93
net/http.serverHandler.ServeHTTP({0xc00010ef00}, {0x544af8, 0xc0001b4460}, 0xc00014a400)
	c:/go/src/net/http/server.go:2878 +0x43b
net/http.(*conn).serve(0xc00008ad20, {0x545c60, 0xc00010ea20})
	c:/go/src/net/http/server.go:1929 +0xb08
created by net/http.(*Server).Serve
	c:/go/src/net/http/server.go:3033 +0x4e8
[dcpnode]2021/10/12 16:25:44 run cmd:tongsumex.bat p1:2021-11-11T10:00:00 p2: p3: p4: taskid:1234567
[dcpnode]2021/10/12 16:25:44 http: panic serving [::1]:59843: runtime error: invalid memory address or nil pointer dereference
goroutine 11 [running]:
net/http.(*conn).serve.func1()
	c:/go/src/net/http/server.go:1801 +0xb9
panic({0x49fea0, 0x6db940})
	c:/go/src/runtime/panic.go:1047 +0x266
main.getcmd(0xc0000ee300, {0xc0000142b5, 0xd}, {0xc0000142d3, 0x13}, {0x0, 0x11f36450108}, {0x0, 0xc00003ac00}, {0x0, ...}, ...)
	D:/2021/dcpnode/dcpnode_win.go:338 +0x88f
main.index({0x544af8, 0xc0000542a0}, 0xc00004c800, 0x25d267)
	D:/2021/dcpnode/dcpnode_win.go:416 +0xa25
main.(*MyMux).ServeHTTP(0xc0000ee300, {0x544af8, 0xc0000542a0}, 0xc00004c800)
	D:/2021/dcpnode/dcpnode_win.go:183 +0xb93
net/http.serverHandler.ServeHTTP({0xc000020900}, {0x544af8, 0xc0000542a0}, 0xc00004c800)
	c:/go/src/net/http/server.go:2878 +0x43b
net/http.(*conn).serve(0xc0002061e0, {0x545c60, 0xc00010ea20})
	c:/go/src/net/http/server.go:1929 +0xb08
created by net/http.(*Server).Serve
	c:/go/src/net/http/server.go:3033 +0x4e8
[dcpnode]2021/10/12 16:25:45 run cmd:tongsumex.bat p1:2021-11-11T10:00:00 p2: p3: p4: taskid:1234567
[dcpnode]2021/10/12 16:25:45 http: panic serving [::1]:59845: runtime error: invalid memory address or nil pointer dereference
goroutine 14 [running]:
net/http.(*conn).serve.func1()
	c:/go/src/net/http/server.go:1801 +0xb9
panic({0x49fea0, 0x6db940})
	c:/go/src/runtime/panic.go:1047 +0x266
main.getcmd(0xc0000ee300, {0xc000014375, 0xd}, {0xc000014393, 0x13}, {0x0, 0x11f36450108}, {0x0, 0xc000080000}, {0x0, ...}, ...)
	D:/2021/dcpnode/dcpnode_win.go:338 +0x88f
main.index({0x544af8, 0xc000054380}, 0xc00004cb00, 0x25d267)
	D:/2021/dcpnode/dcpnode_win.go:416 +0xa25
main.(*MyMux).ServeHTTP(0xc0000ee300, {0x544af8, 0xc000054380}, 0xc00004cb00)
	D:/2021/dcpnode/dcpnode_win.go:183 +0xb93
net/http.serverHandler.ServeHTTP({0xc000020db0}, {0x544af8, 0xc000054380}, 0xc00004cb00)
	c:/go/src/net/http/server.go:2878 +0x43b
net/http.(*conn).serve(0xc000206320, {0x545c60, 0xc00010ea20})
	c:/go/src/net/http/server.go:1929 +0xb08
created by net/http.(*Server).Serve
	c:/go/src/net/http/server.go:3033 +0x4e8
[dcpnode]2021/10/12 16:25:46 run cmd:tongsumex.bat p1:2021-11-11T10:00:00 p2: p3: p4: taskid:1234567
[dcpnode]2021/10/12 16:25:46 http: panic serving [::1]:59847: runtime error: invalid memory address or nil pointer dereference
goroutine 44 [running]:
net/http.(*conn).serve.func1()
	c:/go/src/net/http/server.go:1801 +0xb9
panic({0x49fea0, 0x6db940})
	c:/go/src/runtime/panic.go:1047 +0x266
main.getcmd(0xc0000ee300, {0xc000014435, 0xd}, {0xc000014453, 0x13}, {0x0, 0x11f36450108}, {0x0, 0xc00003a800}, {0x0, ...}, ...)
	D:/2021/dcpnode/dcpnode_win.go:338 +0x88f
main.index({0x544af8, 0xc000054460}, 0xc00004ce00, 0x25d267)
	D:/2021/dcpnode/dcpnode_win.go:416 +0xa25
main.(*MyMux).ServeHTTP(0xc0000ee300, {0x544af8, 0xc000054460}, 0xc00004ce00)
	D:/2021/dcpnode/dcpnode_win.go:183 +0xb93
net/http.serverHandler.ServeHTTP({0xc000021170}, {0x544af8, 0xc000054460}, 0xc00004ce00)
	c:/go/src/net/http/server.go:2878 +0x43b
net/http.(*conn).serve(0xc0001bc280, {0x545c60, 0xc00010ea20})
	c:/go/src/net/http/server.go:1929 +0xb08
created by net/http.(*Server).Serve
	c:/go/src/net/http/server.go:3033 +0x4e8
[dcpnode]2021/10/12 16:25:47 run cmd:tongsumex.bat p1:2021-11-11T10:00:00 p2: p3: p4: taskid:1234567
[dcpnode]2021/10/12 16:25:47 http: panic serving [::1]:59850: runtime error: invalid memory address or nil pointer dereference
goroutine 51 [running]:
net/http.(*conn).serve.func1()
	c:/go/src/net/http/server.go:1801 +0xb9
panic({0x49fea0, 0x6db940})
	c:/go/src/runtime/panic.go:1047 +0x266
main.getcmd(0xc0000ee300, {0xc0000876f5, 0xd}, {0xc000087713, 0x13}, {0x0, 0x11f36450598}, {0x0, 0x6e9bc0}, {0x0, ...}, ...)
	D:/2021/dcpnode/dcpnode_win.go:338 +0x88f
main.index({0x544af8, 0xc0001540e0}, 0xc00014a600, 0x25d267)
	D:/2021/dcpnode/dcpnode_win.go:416 +0xa25
main.(*MyMux).ServeHTTP(0xc0000ee300, {0x544af8, 0xc0001540e0}, 0xc00014a600)
	D:/2021/dcpnode/dcpnode_win.go:183 +0xb93
net/http.serverHandler.ServeHTTP({0xc00010eff0}, {0x544af8, 0xc0001540e0}, 0xc00014a600)
	c:/go/src/net/http/server.go:2878 +0x43b
net/http.(*conn).serve(0xc000206460, {0x545c60, 0xc00010ea20})
	c:/go/src/net/http/server.go:1929 +0xb08
created by net/http.(*Server).Serve
	c:/go/src/net/http/server.go:3033 +0x4e8
[dcpnode]2021/10/12 16:25:48 run cmd:tongsumex.bat p1:2021-11-11T10:00:00 p2: p3: p4: taskid:1234567
[dcpnode]2021/10/12 16:25:48 http: panic serving [::1]:59852: runtime error: invalid memory address or nil pointer dereference
goroutine 28 [running]:
net/http.(*conn).serve.func1()
	c:/go/src/net/http/server.go:1801 +0xb9
panic({0x49fea0, 0x6db940})
	c:/go/src/runtime/panic.go:1047 +0x266
main.getcmd(0xc0000ee300, {0xc0000144f5, 0xd}, {0xc000014513, 0x13}, {0x0, 0x11f36450108}, {0x0, 0x6e9bc0}, {0x0, ...}, ...)
	D:/2021/dcpnode/dcpnode_win.go:338 +0x88f
main.index({0x544af8, 0xc000054540}, 0xc0001a7000, 0x25d267)
	D:/2021/dcpnode/dcpnode_win.go:416 +0xa25
main.(*MyMux).ServeHTTP(0xc0000ee300, {0x544af8, 0xc000054540}, 0xc0001a7000)
	D:/2021/dcpnode/dcpnode_win.go:183 +0xb93
net/http.serverHandler.ServeHTTP({0xc000193590}, {0x544af8, 0xc000054540}, 0xc0001a7000)
	c:/go/src/net/http/server.go:2878 +0x43b
net/http.(*conn).serve(0xc00008ae60, {0x545c60, 0xc00010ea20})
	c:/go/src/net/http/server.go:1929 +0xb08
created by net/http.(*Server).Serve
	c:/go/src/net/http/server.go:3033 +0x4e8
[dcpnode]2021/10/12 16:25:48 run cmd:tongsumex.bat p1:2021-11-11T10:00:00 p2: p3: p4: taskid:1234567
[dcpnode]2021/10/12 16:25:48 http: panic serving [::1]:59854: runtime error: invalid memory address or nil pointer dereference
goroutine 54 [running]:
net/http.(*conn).serve.func1()
	c:/go/src/net/http/server.go:1801 +0xb9
panic({0x49fea0, 0x6db940})
	c:/go/src/runtime/panic.go:1047 +0x266
main.getcmd(0xc0000ee300, {0xc0002ba015, 0xd}, {0xc0002ba033, 0x13}, {0x0, 0x11f36450eb8}, {0x0, 0xc00003ac00}, {0x0, ...}, ...)
	D:/2021/dcpnode/dcpnode_win.go:338 +0x88f
main.index({0x544af8, 0xc0002c8000}, 0xc0002b8000, 0x25d267)
	D:/2021/dcpnode/dcpnode_win.go:416 +0xa25
main.(*MyMux).ServeHTTP(0xc0000ee300, {0x544af8, 0xc0002c8000}, 0xc0002b8000)
	D:/2021/dcpnode/dcpnode_win.go:183 +0xb93
net/http.serverHandler.ServeHTTP({0xc0002b2030}, {0x544af8, 0xc0002c8000}, 0xc0002b8000)
	c:/go/src/net/http/server.go:2878 +0x43b
net/http.(*conn).serve(0xc0002065a0, {0x545c60, 0xc00010ea20})
	c:/go/src/net/http/server.go:1929 +0xb08
created by net/http.(*Server).Serve
	c:/go/src/net/http/server.go:3033 +0x4e8
[dcpnode]2021/10/12 16:25:49 run cmd:tongsumex.bat p1:2021-11-11T10:00:00 p2: p3: p4: taskid:1234567
[dcpnode]2021/10/12 16:25:49 http: panic serving [::1]:59856: runtime error: invalid memory address or nil pointer dereference
goroutine 46 [running]:
net/http.(*conn).serve.func1()
	c:/go/src/net/http/server.go:1801 +0xb9
panic({0x49fea0, 0x6db940})
	c:/go/src/runtime/panic.go:1047 +0x266
main.getcmd(0xc0000ee300, {0xc000087815, 0xd}, {0xc000087833, 0x13}, {0x0, 0x11f36450598}, {0x0, 0xc000080000}, {0x0, ...}, ...)
	D:/2021/dcpnode/dcpnode_win.go:338 +0x88f
main.index({0x544af8, 0xc0001541c0}, 0xc0001a7100, 0x25d267)
	D:/2021/dcpnode/dcpnode_win.go:416 +0xa25
main.(*MyMux).ServeHTTP(0xc0000ee300, {0x544af8, 0xc0001541c0}, 0xc0001a7100)
	D:/2021/dcpnode/dcpnode_win.go:183 +0xb93
net/http.serverHandler.ServeHTTP({0xc0001936e0}, {0x544af8, 0xc0001541c0}, 0xc0001a7100)
	c:/go/src/net/http/server.go:2878 +0x43b
net/http.(*conn).serve(0xc0001bc3c0, {0x545c60, 0xc00010ea20})
	c:/go/src/net/http/server.go:1929 +0xb08
created by net/http.(*Server).Serve
	c:/go/src/net/http/server.go:3033 +0x4e8
[dcpnode]2021/10/12 16:25:50 run cmd:tongsumex.bat p1:2021-11-11T10:00:00 p2: p3: p4: taskid:1234567
[dcpnode]2021/10/12 16:25:50 http: panic serving [::1]:59858: runtime error: invalid memory address or nil pointer dereference
goroutine 31 [running]:
net/http.(*conn).serve.func1()
	c:/go/src/net/http/server.go:1801 +0xb9
panic({0x49fea0, 0x6db940})
	c:/go/src/runtime/panic.go:1047 +0x266
main.getcmd(0xc0000ee300, {0xc0000878d5, 0xd}, {0xc0000878f3, 0x13}, {0x0, 0x11f36450598}, {0x0, 0x6e9bc0}, {0x0, ...}, ...)
	D:/2021/dcpnode/dcpnode_win.go:338 +0x88f
main.index({0x544af8, 0xc0001542a0}, 0xc00014ad00, 0x25d267)
	D:/2021/dcpnode/dcpnode_win.go:416 +0xa25
main.(*MyMux).ServeHTTP(0xc0000ee300, {0x544af8, 0xc0001542a0}, 0xc00014ad00)
	D:/2021/dcpnode/dcpnode_win.go:183 +0xb93
net/http.serverHandler.ServeHTTP({0xc00010f9e0}, {0x544af8, 0xc0001542a0}, 0xc00014ad00)
	c:/go/src/net/http/server.go:2878 +0x43b
net/http.(*conn).serve(0xc00008afa0, {0x545c60, 0xc00010ea20})
	c:/go/src/net/http/server.go:1929 +0xb08
created by net/http.(*Server).Serve
	c:/go/src/net/http/server.go:3033 +0x4e8
[dcpnode]2021/10/12 16:25:50 run cmd:tongsumex.bat p1:2021-11-11T10:00:00 p2: p3: p4: taskid:1234567
[dcpnode]2021/10/12 16:25:50 http: panic serving [::1]:59860: runtime error: invalid memory address or nil pointer dereference
goroutine 67 [running]:
net/http.(*conn).serve.func1()
	c:/go/src/net/http/server.go:1801 +0xb9
panic({0x49fea0, 0x6db940})
	c:/go/src/runtime/panic.go:1047 +0x266
main.getcmd(0xc0000ee300, {0xc0002ba0d5, 0xd}, {0xc0002ba0f3, 0x13}, {0x0, 0x11f36450eb8}, {0x0, 0xc000080000}, {0x0, ...}, ...)
	D:/2021/dcpnode/dcpnode_win.go:338 +0x88f
main.index({0x544af8, 0xc0002c80e0}, 0xc0001a7200, 0x25d267)
	D:/2021/dcpnode/dcpnode_win.go:416 +0xa25
main.(*MyMux).ServeHTTP(0xc0000ee300, {0x544af8, 0xc0002c80e0}, 0xc0001a7200)
	D:/2021/dcpnode/dcpnode_win.go:183 +0xb93
net/http.serverHandler.ServeHTTP({0xc000193770}, {0x544af8, 0xc0002c80e0}, 0xc0001a7200)
	c:/go/src/net/http/server.go:2878 +0x43b
net/http.(*conn).serve(0xc000316000, {0x545c60, 0xc00010ea20})
	c:/go/src/net/http/server.go:1929 +0xb08
created by net/http.(*Server).Serve
	c:/go/src/net/http/server.go:3033 +0x4e8
[dcpnode]2021/10/12 16:26:07 run cmd:tongsumex.bat p1:2021-11-11T10:00:00 p2: p3: p4: taskid:1234567
[dcpnode]2021/10/12 16:26:07 http: panic serving [::1]:59868: runtime error: invalid memory address or nil pointer dereference
goroutine 70 [running]:
net/http.(*conn).serve.func1()
	c:/go/src/net/http/server.go:1801 +0xb9
panic({0x49fea0, 0x6db940})
	c:/go/src/runtime/panic.go:1047 +0x266
main.getcmd(0xc0000ee300, {0xc000087995, 0xd}, {0xc0000879b3, 0x13}, {0x0, 0x11f36450598}, {0x0, 0xc00003a800}, {0x0, ...}, ...)
	D:/2021/dcpnode/dcpnode_win.go:338 +0x88f
main.index({0x544af8, 0xc000154380}, 0xc0001a7400, 0x25d267)
	D:/2021/dcpnode/dcpnode_win.go:416 +0xa25
main.(*MyMux).ServeHTTP(0xc0000ee300, {0x544af8, 0xc000154380}, 0xc0001a7400)
	D:/2021/dcpnode/dcpnode_win.go:183 +0xb93
net/http.serverHandler.ServeHTTP({0xc000193890}, {0x544af8, 0xc000154380}, 0xc0001a7400)
	c:/go/src/net/http/server.go:2878 +0x43b
net/http.(*conn).serve(0xc000316140, {0x545c60, 0xc00010ea20})
	c:/go/src/net/http/server.go:1929 +0xb08
created by net/http.(*Server).Serve
	c:/go/src/net/http/server.go:3033 +0x4e8
[dcpnode]2021/10/12 16:27:15 run cmd:tongsumex.bat p1:2021-11-11T10:00:00 p2: p3: p4: taskid:1234567
[dcpnode]2021/10/12 16:27:15 http: panic serving [::1]:59906: runtime error: invalid memory address or nil pointer dereference
goroutine 83 [running]:
net/http.(*conn).serve.func1()
	c:/go/src/net/http/server.go:1801 +0xb9
panic({0x49fea0, 0x6db940})
	c:/go/src/runtime/panic.go:1047 +0x266
main.getcmd(0xc0000ee300, {0xc000087a55, 0xd}, {0xc000087a73, 0x13}, {0x0, 0x11f36450598}, {0x0, 0x6e9bc0}, {0x0, ...}, ...)
	D:/2021/dcpnode/dcpnode_win.go:338 +0x88f
main.index({0x544af8, 0xc000154460}, 0xc00014b200, 0x25d267)
	D:/2021/dcpnode/dcpnode_win.go:416 +0xa25
main.(*MyMux).ServeHTTP(0xc0000ee300, {0x544af8, 0xc000154460}, 0xc00014b200)
	D:/2021/dcpnode/dcpnode_win.go:183 +0xb93
net/http.serverHandler.ServeHTTP({0xc00017e240}, {0x544af8, 0xc000154460}, 0xc00014b200)
	c:/go/src/net/http/server.go:2878 +0x43b
net/http.(*conn).serve(0xc00008b0e0, {0x545c60, 0xc00010ea20})
	c:/go/src/net/http/server.go:1929 +0xb08
created by net/http.(*Server).Serve
	c:/go/src/net/http/server.go:3033 +0x4e8
[dcpnode]2021/10/12 16:27:16 run cmd:tongsumex.bat p1:2021-11-11T10:00:00 p2: p3: p4: taskid:1234567
[dcpnode]2021/10/12 16:27:16 http: panic serving [::1]:59908: runtime error: invalid memory address or nil pointer dereference
goroutine 71 [running]:
net/http.(*conn).serve.func1()
	c:/go/src/net/http/server.go:1801 +0xb9
panic({0x49fea0, 0x6db940})
	c:/go/src/runtime/panic.go:1047 +0x266
main.getcmd(0xc0000ee300, {0xc0002ba195, 0xd}, {0xc0002ba1b3, 0x13}, {0x0, 0x11f36450eb8}, {0x0, 0xc00003ac00}, {0x0, ...}, ...)
	D:/2021/dcpnode/dcpnode_win.go:338 +0x88f
main.index({0x544af8, 0xc0002c81c0}, 0xc0002b8800, 0x25d267)
	D:/2021/dcpnode/dcpnode_win.go:416 +0xa25
main.(*MyMux).ServeHTTP(0xc0000ee300, {0x544af8, 0xc0002c81c0}, 0xc0002b8800)
	D:/2021/dcpnode/dcpnode_win.go:183 +0xb93
net/http.serverHandler.ServeHTTP({0xc0002b29f0}, {0x544af8, 0xc0002c81c0}, 0xc0002b8800)
	c:/go/src/net/http/server.go:2878 +0x43b
net/http.(*conn).serve(0xc0003161e0, {0x545c60, 0xc00010ea20})
	c:/go/src/net/http/server.go:1929 +0xb08
created by net/http.(*Server).Serve
	c:/go/src/net/http/server.go:3033 +0x4e8
[dcpnode]2021/10/12 16:27:17 run cmd:tongsumex.bat p1:2021-11-11T10:00:00 p2: p3: p4: taskid:1234567
[dcpnode]2021/10/12 16:27:17 http: panic serving [::1]:59911: runtime error: invalid memory address or nil pointer dereference
goroutine 57 [running]:
net/http.(*conn).serve.func1()
	c:/go/src/net/http/server.go:1801 +0xb9
panic({0x49fea0, 0x6db940})
	c:/go/src/runtime/panic.go:1047 +0x266
main.getcmd(0xc0000ee300, {0xc0000145b5, 0xd}, {0xc0000145d3, 0x13}, {0x0, 0x11f36450108}, {0x0, 0xc000080000}, {0x0, ...}, ...)
	D:/2021/dcpnode/dcpnode_win.go:338 +0x88f
main.index({0x544af8, 0xc000054620}, 0xc00004d600, 0x25d267)
	D:/2021/dcpnode/dcpnode_win.go:416 +0xa25
main.(*MyMux).ServeHTTP(0xc0000ee300, {0x544af8, 0xc000054620}, 0xc00004d600)
	D:/2021/dcpnode/dcpnode_win.go:183 +0xb93
net/http.serverHandler.ServeHTTP({0xc000021c50}, {0x544af8, 0xc000054620}, 0xc00004d600)
	c:/go/src/net/http/server.go:2878 +0x43b
net/http.(*conn).serve(0xc000206780, {0x545c60, 0xc00010ea20})
	c:/go/src/net/http/server.go:1929 +0xb08
created by net/http.(*Server).Serve
	c:/go/src/net/http/server.go:3033 +0x4e8
[dcpnode]2021/10/12 16:27:18 run cmd:tongsumex.bat p1:2021-11-11T10:00:00 p2: p3: p4: taskid:1234567
[dcpnode]2021/10/12 16:27:18 http: panic serving [::1]:59913: runtime error: invalid memory address or nil pointer dereference
goroutine 74 [running]:
net/http.(*conn).serve.func1()
	c:/go/src/net/http/server.go:1801 +0xb9
panic({0x49fea0, 0x6db940})
	c:/go/src/runtime/panic.go:1047 +0x266
main.getcmd(0xc0000ee300, {0xc000087b15, 0xd}, {0xc000087b33, 0x13}, {0x0, 0x11f36450598}, {0x0, 0xc00003ac00}, {0x0, ...}, ...)
	D:/2021/dcpnode/dcpnode_win.go:338 +0x88f
main.index({0x544af8, 0xc000154540}, 0xc0002b8c00, 0x25d267)
	D:/2021/dcpnode/dcpnode_win.go:416 +0xa25
main.(*MyMux).ServeHTTP(0xc0000ee300, {0x544af8, 0xc000154540}, 0xc0002b8c00)
	D:/2021/dcpnode/dcpnode_win.go:183 +0xb93
net/http.serverHandler.ServeHTTP({0xc0002b2ed0}, {0x544af8, 0xc000154540}, 0xc0002b8c00)
	c:/go/src/net/http/server.go:2878 +0x43b
net/http.(*conn).serve(0xc000316320, {0x545c60, 0xc00010ea20})
	c:/go/src/net/http/server.go:1929 +0xb08
created by net/http.(*Server).Serve
	c:/go/src/net/http/server.go:3033 +0x4e8
[dcpnode]2021/10/12 16:27:18 run cmd:tongsumex.bat p1:2021-11-11T10:00:00 p2: p3: p4: taskid:1234567
[dcpnode]2021/10/12 16:27:18 http: panic serving [::1]:59915: runtime error: invalid memory address or nil pointer dereference
goroutine 59 [running]:
net/http.(*conn).serve.func1()
	c:/go/src/net/http/server.go:1801 +0xb9
panic({0x49fea0, 0x6db940})
	c:/go/src/runtime/panic.go:1047 +0x266
main.getcmd(0xc0000ee300, {0xc000087bd5, 0xd}, {0xc000087bf3, 0x13}, {0x0, 0x11f36450598}, {0x0, 0xc00003ac00}, {0x0, ...}, ...)
	D:/2021/dcpnode/dcpnode_win.go:338 +0x88f
main.index({0x544af8, 0xc000154620}, 0xc0002b8d00, 0x25d267)
	D:/2021/dcpnode/dcpnode_win.go:416 +0xa25
main.(*MyMux).ServeHTTP(0xc0000ee300, {0x544af8, 0xc000154620}, 0xc0002b8d00)
	D:/2021/dcpnode/dcpnode_win.go:183 +0xb93
net/http.serverHandler.ServeHTTP({0xc0002b2f60}, {0x544af8, 0xc000154620}, 0xc0002b8d00)
	c:/go/src/net/http/server.go:2878 +0x43b
net/http.(*conn).serve(0xc000206820, {0x545c60, 0xc00010ea20})
	c:/go/src/net/http/server.go:1929 +0xb08
created by net/http.(*Server).Serve
	c:/go/src/net/http/server.go:3033 +0x4e8
[dcpnode]2021/10/12 16:27:19 run cmd:tongsumex.bat p1:2021-11-11T10:00:00 p2: p3: p4: taskid:1234567
[dcpnode]2021/10/12 16:27:19 http: panic serving [::1]:59917: runtime error: invalid memory address or nil pointer dereference
goroutine 47 [running]:
net/http.(*conn).serve.func1()
	c:/go/src/net/http/server.go:1801 +0xb9
panic({0x49fea0, 0x6db940})
	c:/go/src/runtime/panic.go:1047 +0x266
main.getcmd(0xc0000ee300, {0xc0001a8435, 0xd}, {0xc0001a8453, 0x13}, {0x0, 0x11f36450a28}, {0x0, 0x6e9bc0}, {0x0, ...}, ...)
	D:/2021/dcpnode/dcpnode_win.go:338 +0x88f
main.index({0x544af8, 0xc0001b4540}, 0xc00004da00, 0x25d267)
	D:/2021/dcpnode/dcpnode_win.go:416 +0xa25
main.(*MyMux).ServeHTTP(0xc0000ee300, {0x544af8, 0xc0001b4540}, 0xc00004da00)
	D:/2021/dcpnode/dcpnode_win.go:183 +0xb93
net/http.serverHandler.ServeHTTP({0xc000254120}, {0x544af8, 0xc0001b4540}, 0xc00004da00)
	c:/go/src/net/http/server.go:2878 +0x43b
net/http.(*conn).serve(0xc0001bc460, {0x545c60, 0xc00010ea20})
	c:/go/src/net/http/server.go:1929 +0xb08
created by net/http.(*Server).Serve
	c:/go/src/net/http/server.go:3033 +0x4e8
[dcpnode]2021/10/12 16:27:49 run cmd:tongsumex.bat p1:2021-11-11T10:00:00 p2: p3: p4: taskid:1234567
[dcpnode]2021/10/12 16:27:49 http: panic serving [::1]:59930: runtime error: invalid memory address or nil pointer dereference
goroutine 98 [running]:
net/http.(*conn).serve.func1()
	c:/go/src/net/http/server.go:1801 +0xb9
panic({0x49fea0, 0x6db940})
	c:/go/src/runtime/panic.go:1047 +0x266
main.getcmd(0xc0000ee300, {0xc000014675, 0xd}, {0xc000014693, 0x13}, {0x0, 0x11f36450108}, {0x0, 0xc000080000}, {0x0, ...}, ...)
	D:/2021/dcpnode/dcpnode_win.go:338 +0x88f
main.index({0x544af8, 0xc000054700}, 0xc00004dc00, 0x25d267)
	D:/2021/dcpnode/dcpnode_win.go:416 +0xa25
main.(*MyMux).ServeHTTP(0xc0000ee300, {0x544af8, 0xc000054700}, 0xc00004dc00)
	D:/2021/dcpnode/dcpnode_win.go:183 +0xb93
net/http.serverHandler.ServeHTTP({0xc000254240}, {0x544af8, 0xc000054700}, 0xc00004dc00)
	c:/go/src/net/http/server.go:2878 +0x43b
net/http.(*conn).serve(0xc0001bc5a0, {0x545c60, 0xc00010ea20})
	c:/go/src/net/http/server.go:1929 +0xb08
created by net/http.(*Server).Serve
	c:/go/src/net/http/server.go:3033 +0x4e8
[dcpnode]2021/10/12 16:28:38 dcpnode starting,port: 4321
[dcpnode]2021/10/12 16:28:44 run cmd:tongsumex.bat p1:2021-11-11T10:00:00 p2: p3: p4: taskid:1234567
[dcpnode]2021/10/12 16:28:51 run cmd:tongsumex.bat p1:2021-11-11T10:00:00 p2: p3: p4: taskid:1234567
[dcpnode]2021/10/12 16:28:52 run cmd:tongsumex.bat p1:2021-11-11T10:00:00 p2: p3: p4: taskid:1234567
[dcpnode]2021/10/12 16:28:52 run cmd:tongsumex.bat p1:2021-11-11T10:00:00 p2: p3: p4: taskid:1234567
[dcpnode]2021/10/12 16:28:54 run cmd:tongsumex.bat p1:2021-11-11T10:00:00 p2: p3: p4: taskid:1234567
[dcpnode]2021/10/12 17:36:32 dcpnode starting,port: 4321
[dcpnode]2021/10/19 11:10:18 dcpnode starting,port: 4321
[dcpnode]2021/10/19 11:13:12 run cmd:tongsumex.bat p1: p2: p3: p4: taskid:eaee8a16-2a12-4ec6-92c5-069eee7934d9
[dcpnode]2021/10/19 11:14:18 run cmd:tongsumex.bat p1: p2: p3: p4: taskid:eaee8a16-2a12-4ec6-92c5-069eee7934d9
[dcpnode]2021/10/19 11:15:10 dcpnode starting,port: 4321
